2026-02-02 16:31:25,186 - INFO -  Loading FinBERT model on cpu...
2026-02-02 16:31:56,576 - WARNING - Xet Storage is enabled for this repo, but the 'hf_xet' package is not installed. Falling back to regular HTTP download. For better performance, install the package with: `pip install huggingface_hub[hf_xet]` or `pip install hf_xet`
2026-02-02 16:33:04,335 - INFO -  Loading FinBERT model on cpu...
2026-02-02 16:36:51,485 - WARNING - Xet Storage is enabled for this repo, but the 'hf_xet' package is not installed. Falling back to regular HTTP download. For better performance, install the package with: `pip install huggingface_hub[hf_xet]` or `pip install hf_xet`
2026-02-02 16:37:37,164 - WARNING - Error while downloading from https://huggingface.co/yiyanghkust/finbert-tone/resolve/main/pytorch_model.bin: HTTPSConnectionPool(host='cas-bridge.xethub.hf.co', port=443): Read timed out.
Trying to resume download...
2026-02-02 16:37:58,772 - ERROR - Failed to load model: (ReadTimeoutError("HTTPSConnectionPool(host='huggingface.co', port=443): Read timed out. (read timeout=10)"), '(Request ID: a3cbfaef-df4f-4454-a629-2944e2a246c0)')
2026-02-02 16:38:54,565 - INFO - Loading FinBERT model (yiyanghkust/finbert-tone) on cpu...
2026-02-02 16:39:16,886 - WARNING - Xet Storage is enabled for this repo, but the 'hf_xet' package is not installed. Falling back to regular HTTP download. For better performance, install the package with: `pip install huggingface_hub[hf_xet]` or `pip install hf_xet`
2026-02-02 16:39:27,003 - ERROR - Failed to load model: (ReadTimeoutError("HTTPSConnectionPool(host='cas-bridge.xethub.hf.co', port=443): Read timed out. (read timeout=10)"), '(Request ID: 2aebc784-83aa-4b80-97df-a47bb63edf1f)')
2026-02-02 16:45:00,742 - INFO - Loading FinBERT model (yiyanghkust/finbert-tone) on cpu...
2026-02-02 16:45:28,310 - WARNING - Xet Storage is enabled for this repo, but the 'hf_xet' package is not installed. Falling back to regular HTTP download. For better performance, install the package with: `pip install huggingface_hub[hf_xet]` or `pip install hf_xet`
2026-02-02 16:45:47,109 - WARNING - Error while downloading from https://huggingface.co/yiyanghkust/finbert-tone/resolve/main/pytorch_model.bin: HTTPSConnectionPool(host='cas-bridge.xethub.hf.co', port=443): Read timed out.
Trying to resume download...
2026-02-02 16:46:05,293 - WARNING - Error while downloading from https://huggingface.co/yiyanghkust/finbert-tone/resolve/main/pytorch_model.bin: HTTPSConnectionPool(host='cas-bridge.xethub.hf.co', port=443): Read timed out.
Trying to resume download...
2026-02-02 16:46:27,073 - WARNING - Error while downloading from https://huggingface.co/yiyanghkust/finbert-tone/resolve/main/pytorch_model.bin: HTTPSConnectionPool(host='cas-bridge.xethub.hf.co', port=443): Read timed out.
Trying to resume download...
2026-02-02 16:46:50,182 - ERROR - Failed to load model: (ReadTimeoutError("HTTPSConnectionPool(host='huggingface.co', port=443): Read timed out. (read timeout=10)"), '(Request ID: 676f8cf5-c9dd-4d01-af90-2bda167f9e1d)')
2026-02-02 16:54:21,104 - INFO - Loading FinBERT model (yiyanghkust/finbert-tone) on cpu...
2026-02-02 16:55:15,614 - ERROR - Failed to load model: yiyanghkust/finbert-tone does not appear to have a file named pytorch_model.bin, model.safetensors, tf_model.h5, model.ckpt or flax_model.msgpack.
2026-02-02 16:55:27,146 - INFO - Loading FinBERT model (yiyanghkust/finbert-tone) on cpu...
2026-02-02 16:55:38,249 - ERROR - Failed to load model: (MaxRetryError('HTTPSConnectionPool(host=\'huggingface.co\', port=443): Max retries exceeded with url: /api/models/yiyanghkust/finbert-tone/tree/main/additional_chat_templates?recursive=False&expand=False (Caused by NameResolutionError("HTTPSConnection(host=\'huggingface.co\', port=443): Failed to resolve \'huggingface.co\' ([Errno 11001] getaddrinfo failed)"))'), '(Request ID: 0074be3e-4466-4212-b816-b06814182106)')
2026-02-03 10:13:58,013 - INFO - Attempting to load yiyanghkust/finbert-tone...
2026-02-03 10:14:18,926 - WARNING - Xet Storage is enabled for this repo, but the 'hf_xet' package is not installed. Falling back to regular HTTP download. For better performance, install the package with: `pip install huggingface_hub[hf_xet]` or `pip install hf_xet`
2026-02-03 10:14:24,653 - WARNING - Xet Storage is enabled for this repo, but the 'hf_xet' package is not installed. Falling back to regular HTTP download. For better performance, install the package with: `pip install huggingface_hub[hf_xet]` or `pip install hf_xet`
2026-02-03 10:14:25,341 - INFO - Loaded 10949 records. Cleaning text...
