2025-10-17 13:45:36,965 - INFO - Loading dataset from C:\PRASANN\Pojects\100 Days 100 ML Projects\Day7_Social_Media_Sentiment_Analys\data\raw\sentiment140_sample.csv...
2025-10-17 13:45:36,966 - ERROR - Error in preprocessing: Dataset not found at C:\PRASANN\Pojects\100 Days 100 ML Projects\Day7_Social_Media_Sentiment_Analys\data\raw\sentiment140_sample.csv
2025-10-17 13:46:17,082 - INFO - Loading dataset from C:\PRASANN\Pojects\100 Days 100 ML Projects\Day7_Social_Media_Sentiment_Analys\data\raw\sentiment140_sample.csv...
2025-10-17 13:46:17,083 - ERROR - Error in preprocessing: Dataset not found at C:\PRASANN\Pojects\100 Days 100 ML Projects\Day7_Social_Media_Sentiment_Analys\data\raw\sentiment140_sample.csv
2025-10-17 13:47:07,500 - INFO - Loading dataset from C:\PRASANN\Pojects\100 Days 100 ML Projects\Day7_Social_Media_Sentiment_Analys\data\raw\sentiment140_sample.csv...
2025-10-17 13:47:07,501 - ERROR - Error in preprocessing: Dataset not found at C:\PRASANN\Pojects\100 Days 100 ML Projects\Day7_Social_Media_Sentiment_Analys\data\raw\sentiment140_sample.csv
2025-10-17 13:47:41,893 - INFO - Loading dataset from C:\PRASANN\Pojects\100 Days 100 ML Projects\Day7_Social_Media_Sentiment_Analys\data\raw\sentiment140_sample.csv...
2025-10-17 13:47:42,277 - ERROR - Error in preprocessing: 'utf-8' codec can't decode bytes in position 232719-232720: invalid continuation byte
2025-10-17 13:54:16,587 - INFO - Loading dataset from C:\PRASANN\Pojects\100 Days 100 ML Projects\Day7_Social_Media_Sentiment_Analys\data\raw\sentiment140_sample.csv...
2025-10-17 13:54:19,996 - WARNING - Dataset missing required columns: {'text', 'label'}. Assuming Sentiment140 structure...
2025-10-17 13:54:23,954 - INFO - Mapping labels...
2025-10-17 13:54:24,066 - INFO - Cleaning text...
2025-10-17 13:54:40,648 - INFO - Performing train-test split...
2025-10-17 13:54:44,446 - INFO - Preprocessing complete. Saved to C:\PRASANN\Pojects\100 Days 100 ML Projects\Day7_Social_Media_Sentiment_Analys\data\processed\train.csv and C:\PRASANN\Pojects\100 Days 100 ML Projects\Day7_Social_Media_Sentiment_Analys\data\processed\test.csv
2025-10-17 13:54:44,447 - INFO - Train set: 1274124 rows, Test set: 318532 rows
2025-10-17 13:54:44,463 - INFO - Train label distribution:
label
0    637120
1    637004
Name: count, dtype: int64
